<?xml version="1.0" encoding="UTF-8"?>
<!-- Generated by org.testng.reporters.JUnitReportReporter -->
<testsuite skipped="0" hostname="DESKTOP-UG71NEM" name="api.test.UserTest" tests="4" failures="0" timestamp="2023-09-13T19:36:55 IST" time="23.833" errors="0">
  <testcase name="testPostUser" time="9.514" classname="api.test.UserTest"/>
  <system-out/>
  <testcase name="testGETUserByName" time="2.084" classname="api.test.UserTest"/>
  <system-out/>
  <testcase name="testPUTUserByName" time="10.107" classname="api.test.UserTest"/>
  <system-out/>
  <testcase name="testDeleteUserByName" time="2.128" classname="api.test.UserTest"/>
  <system-out/>
</testsuite> <!-- api.test.UserTest -->
