<?xml version="1.0" encoding="UTF-8"?>
<!-- Generated by org.testng.reporters.JUnitReportReporter -->
<testsuite skipped="0" hostname="DESKTOP-UG71NEM" name="api.test.DATTestCase" tests="6" failures="0" timestamp="2023-09-12T11:37:22 IST" time="18.699" errors="0">
  <testcase name="multiplePOSTRequest" time="8.636" classname="api.test.DATTestCase"/>
  <system-out/>
  <testcase name="multiplePOSTRequest" time="1.937" classname="api.test.DATTestCase"/>
  <system-out/>
  <testcase name="multiplePOSTRequest" time="1.907" classname="api.test.DATTestCase"/>
  <system-out/>
  <testcase name="testDeleteUserByName" time="1.750" classname="api.test.DATTestCase"/>
  <system-out/>
  <testcase name="testDeleteUserByName" time="1.875" classname="api.test.DATTestCase"/>
  <system-out/>
  <testcase name="testDeleteUserByName" time="2.594" classname="api.test.DATTestCase"/>
  <system-out/>
</testsuite> <!-- api.test.DATTestCase -->
