<?xml version="1.0" encoding="UTF-8"?>
<!-- Generated by org.testng.reporters.JUnitReportReporter -->
<testsuite hostname="DESKTOP-UG71NEM" failures="0" tests="4" name="api.test.UserTest" time="22.810" errors="0" timestamp="2023-09-14T07:58:51 IST" skipped="0">
  <testcase classname="api.test.UserTest" name="testPostUser" time="8.935"/>
  <system-out/>
  <testcase classname="api.test.UserTest" name="testGETUserByName" time="2.247"/>
  <system-out/>
  <testcase classname="api.test.UserTest" name="testPUTUserByName" time="9.557"/>
  <system-out/>
  <testcase classname="api.test.UserTest" name="testDeleteUserByName" time="2.071"/>
  <system-out/>
</testsuite> <!-- api.test.UserTest -->
